2025-05-19 15:13:48,861 - sbm - INFO - Site Builder Migration Tool - Starting migration process
2025-05-19 15:13:48,861 - sbm - INFO - Processing spitzermotorsofmansfieldcdjr
2025-05-19 15:13:48,902 - sbm - INFO - Starting migration for spitzermotorsofmansfieldcdjr
2025-05-19 15:13:48,902 - sbm - INFO - Detected OEM for spitzermotorsofmansfieldcdjr based on theme content: StellantisHandler
2025-05-19 15:13:48,902 - sbm - INFO - Using StellantisHandler(spitzermotorsofmansfieldcdjr) for spitzermotorsofmansfieldcdjr
2025-05-19 15:13:48,902 - sbm - INFO - Creating Site Builder files for spitzermotorsofmansfieldcdjr
2025-05-19 15:13:48,902 - sbm - INFO - Created sb-inside.scss
2025-05-19 15:13:48,903 - sbm - INFO - Created sb-vdp.scss
2025-05-19 15:13:48,903 - sbm - INFO - Created sb-vrp.scss
2025-05-19 15:13:48,903 - sbm - INFO - Migrating styles for spitzermotorsofmansfieldcdjr
2025-05-19 15:13:48,903 - sbm - INFO - Extracting styles for spitzermotorsofmansfieldcdjr
2025-05-19 15:13:48,903 - sbm - INFO - Extracting VDP styles
2025-05-19 15:13:48,904 - sbm - WARNING - File not found: /Users/nathanhart/di-websites-platform/dealer-themes/spitzermotorsofmansfieldcdjr/style.scss
2025-05-19 15:13:48,904 - sbm - INFO - Extracting VRP styles
2025-05-19 15:13:48,905 - sbm - WARNING - File not found: /Users/nathanhart/di-websites-platform/dealer-themes/spitzermotorsofmansfieldcdjr/style.scss
2025-05-19 15:13:48,905 - sbm - INFO - Extracting Inside page styles
2025-05-19 15:13:48,905 - sbm - WARNING - File not found: /Users/nathanhart/di-websites-platform/dealer-themes/spitzermotorsofmansfieldcdjr/style.scss
2025-05-19 15:13:48,905 - sbm - INFO - Extracted 151 lines for sb-vdp.scss
2025-05-19 15:13:48,906 - sbm - INFO - Extracted 213 lines for sb-vrp.scss
2025-05-19 15:13:48,906 - sbm - INFO - Extracted 0 lines for sb-inside.scss
2025-05-19 15:13:48,906 - sbm - INFO - Transforming SCSS content for spitzermotorsofmansfieldcdjr
2025-05-19 15:13:48,909 - sbm - INFO - Wrote 151 lines to sb-vdp.scss
2025-05-19 15:13:48,909 - sbm - INFO - Validating SCSS syntax for sb-vdp.scss
2025-05-19 15:13:48,911 - sbm - INFO - Brace count: 39 opening, 39 closing
2025-05-19 15:13:48,911 - sbm - INFO - Final brace count: 39 opening, 39 closing
2025-05-19 15:13:48,911 - sbm - INFO - Transforming SCSS content for spitzermotorsofmansfieldcdjr
2025-05-19 15:13:48,914 - sbm - INFO - Wrote 213 lines to sb-vrp.scss
2025-05-19 15:13:48,914 - sbm - INFO - Validating SCSS syntax for sb-vrp.scss
2025-05-19 15:13:48,915 - sbm - INFO - Brace count: 56 opening, 56 closing
2025-05-19 15:13:48,916 - sbm - INFO - Final brace count: 56 opening, 56 closing
2025-05-19 15:13:48,916 - sbm - WARNING - No content for sb-inside.scss, skipping
2025-05-19 15:13:48,916 - sbm - INFO - Adding predetermined styles for spitzermotorsofmansfieldcdjr
2025-05-19 15:13:48,917 - sbm - INFO - Added cookie banner styles to sb-inside.scss for spitzermotorsofmansfieldcdjr
2025-05-19 15:13:48,917 - sbm - INFO - Loading style file: /Users/nathanhart/auto-sbm/stellantis/add-to-sb-inside/stellantis-directions-row-styles.scss
2025-05-19 15:13:48,918 - sbm - INFO - Added Stellantis directions row styles to sb-inside.scss for spitzermotorsofmansfieldcdjr
2025-05-19 15:13:48,918 - sbm - INFO - Starting map components migration for spitzermotorsofmansfieldcdjr
2025-05-19 15:13:48,918 - sbm - INFO - Detected OEM for spitzermotorsofmansfieldcdjr based on theme content: StellantisHandler
2025-05-19 15:13:48,918 - sbm - INFO - Using StellantisHandler(spitzermotorsofmansfieldcdjr) for map components migration
2025-05-19 15:13:48,918 - sbm - INFO - Searching for map shortcodes in spitzermotorsofmansfieldcdjr
2025-05-19 15:13:48,925 - sbm - INFO - No map shortcodes found for spitzermotorsofmansfieldcdjr, skipping map migration
2025-05-19 15:13:48,925 - sbm - INFO - Map components migrated successfully for spitzermotorsofmansfieldcdjr
2025-05-19 15:13:48,925 - sbm - INFO - Migration completed successfully for spitzermotorsofmansfieldcdjr
2025-05-19 15:13:48,925 - sbm - INFO - Migration process complete
