2025-05-19 15:56:22,330 - sbm - INFO - Processing style.scss for spitzermotorsofmansfieldcdjr in /Users/nathanhart/di-websites-platform/dealer-themes/spitzermotorsofmansfieldcdjr
2025-05-19 15:56:22,330 - sbm - INFO - Found style.scss at /Users/nathanhart/di-websites-platform/dealer-themes/spitzermotorsofmansfieldcdjr/css/style.scss
2025-05-19 15:56:22,330 - sbm - INFO - Analyzing 196 lines in style.scss
2025-05-19 15:56:22,331 - sbm - DEBUG - Processing ticket rule #00971418
2025-05-19 15:56:22,331 - sbm - DEBUG - Ticket rule #00971418 assigned to inside
2025-05-19 15:56:22,331 - sbm - DEBUG - Processing ticket rule #00384517
2025-05-19 15:56:22,331 - sbm - DEBUG - Ticket rule #00384517 assigned to VDP
2025-05-19 15:56:22,331 - sbm - INFO - Found 2 total style rules
2025-05-19 15:56:22,331 - sbm - INFO -   - VDP rules: 1
2025-05-19 15:56:22,331 - sbm - INFO -   - VRP rules: 0
2025-05-19 15:56:22,331 - sbm - INFO -   - Inside rules: 1
2025-05-19 15:56:22,331 - sbm - INFO - Dry run - no files were modified
2025-05-19 15:56:22,331 - sbm - INFO - Sample VDP styles (29 lines):
2025-05-19 15:56:22,332 - sbm - INFO -   // start 00384517
2025-05-19 15:56:22,332 - sbm - INFO -   .header-container .social {
2025-05-19 15:56:22,332 - sbm - INFO -   
2025-05-19 15:56:22,332 - sbm - INFO -       padding-top: 25px;
2025-05-19 15:56:22,332 - sbm - INFO -     //width: 100px;
2025-05-19 15:56:22,332 - sbm - INFO -   ...
2025-05-19 15:56:22,332 - sbm - INFO - Sample Inside styles (157 lines):
2025-05-19 15:56:22,332 - sbm - INFO -   // *************************************************************************************************
2025-05-19 15:56:22,332 - sbm - INFO -   //	VARIABLES
2025-05-19 15:56:22,332 - sbm - INFO -   // *************************************************************************************************
2025-05-19 15:56:22,332 - sbm - INFO -   
2025-05-19 15:56:22,332 - sbm - INFO -   // *************************************************************************************************
2025-05-19 15:56:22,332 - sbm - INFO -   ...
2025-05-19 15:56:22,333 - sbm - INFO - Saved categorized styles to test-output/ directory
